<?xml version="1.0" encoding="UTF-8"?>
<!-- Generated by org.testng.reporters.JUnitReportReporter -->
<testsuite hostname="DESKTOP-N3LRL61" failures="0" tests="1" name="PLAYWRIGHT.PopUpWindow" time="20.805" errors="0" timestamp="2023-10-23T11:00:14 IST" skipped="0">
  <testcase classname="PLAYWRIGHT.PopUpWindow" name="popUpTest" time="20.805"/>
  <system-out/>
</testsuite> <!-- PLAYWRIGHT.PopUpWindow -->
