<?xml version="1.0" encoding="UTF-8"?>
<!-- Generated by org.testng.reporters.JUnitReportReporter -->
<testsuite hostname="DESKTOP-N3LRL61" failures="0" tests="1" name="Com.Practice.Get_Call" time="0.864" errors="0" timestamp="2023-11-05T10:00:37 IST" skipped="0">
  <testcase classname="Com.Practice.Get_Call" name="popupTest" time="0.864"/>
  <system-out/>
</testsuite> <!-- Com.Practice.Get_Call -->
