<?xml version="1.0" encoding="UTF-8"?>
<!-- Generated by org.testng.reporters.JUnitReportReporter -->
<testsuite hostname="DESKTOP-N3LRL61" failures="0" tests="2" name="PLAYWRIGHTtestng.Demo" time="0.461" errors="0" timestamp="2023-10-08T20:33:59 IST" skipped="0">
  <testcase classname="PLAYWRIGHTtestng.Demo" name="test01" time="0.407"/>
  <system-out/>
  <testcase classname="PLAYWRIGHTtestng.Demo" name="selectdrop" time="0.054"/>
  <system-out/>
</testsuite> <!-- PLAYWRIGHTtestng.Demo -->
