<?xml version="1.0" encoding="UTF-8"?>
<!-- Generated by org.testng.reporters.JUnitReportReporter -->
<testsuite hostname="DESKTOP-N3LRL61" failures="0" tests="1" name="Com.Practice.PopUpDemo" time="32.409" errors="0" timestamp="2023-11-04T19:49:59 IST" skipped="0">
  <testcase classname="Com.Practice.PopUpDemo" name="popupTest" time="32.409"/>
  <system-out/>
</testsuite> <!-- Com.Practice.PopUpDemo -->
