<?xml version="1.0" encoding="UTF-8"?>
<!-- Generated by org.testng.reporters.JUnitReportReporter -->
<testsuite hostname="DESKTOP-N3LRL61" failures="0" tests="2" name="The_Testing_Academy.WebTable" time="21.396" errors="0" timestamp="2023-10-23T19:41:42 IST" skipped="0">
  <testcase classname="The_Testing_Academy.WebTable" name="WebTableTest" time="12.662"/>
  <system-out/>
  <testcase classname="The_Testing_Academy.WebTable" name="PopUpTest" time="8.734"/>
  <system-out/>
</testsuite> <!-- The_Testing_Academy.WebTable -->
