<?xml version="1.0" encoding="UTF-8"?>
<!-- Generated by org.testng.reporters.JUnitReportReporter -->
<testsuite hostname="DESKTOP-N3LRL61" failures="0" tests="4" name="The_Testing_Academy.Demo_Data_Provider" time="29.475" errors="0" timestamp="2023-10-25T13:21:40 IST" skipped="0">
  <testcase classname="The_Testing_Academy.Demo_Data_Provider" name="DataTest" time="8.896"/>
  <system-out/>
  <testcase classname="The_Testing_Academy.Demo_Data_Provider" name="DataTest" time="8.548"/>
  <system-out/>
  <testcase classname="The_Testing_Academy.Demo_Data_Provider" name="DataTest" time="11.528"/>
  <system-out/>
  <testcase classname="The_Testing_Academy.Demo_Data_Provider" name="linkTest" time="0.503"/>
  <system-out/>
</testsuite> <!-- The_Testing_Academy.Demo_Data_Provider -->
