<?xml version="1.0" encoding="UTF-8"?>
<!-- Generated by org.testng.reporters.JUnitReportReporter -->
<testsuite hostname="DESKTOP-N3LRL61" failures="0" tests="1" name="The_Testing_Academy.DemoWebShop" time="4.068" errors="0" timestamp="2023-10-27T09:40:48 IST" skipped="0">
  <testcase classname="The_Testing_Academy.DemoWebShop" name="lll" time="4.068"/>
  <system-out/>
</testsuite> <!-- The_Testing_Academy.DemoWebShop -->
