<?xml version="1.0" encoding="UTF-8"?>
<!-- Generated by org.testng.reporters.JUnitReportReporter -->
<testsuite hostname="DESKTOP-N3LRL61" failures="0" tests="1" name="PLAYWRIGHTtestng.Cookies" time="0.059" errors="0" timestamp="2023-10-08T20:58:06 IST" skipped="0">
  <testcase classname="PLAYWRIGHTtestng.Cookies" name="testcookies" time="0.059"/>
  <system-out/>
</testsuite> <!-- PLAYWRIGHTtestng.Cookies -->
